Analysis & Synthesis report for snake
Fri Apr 27 00:33:17 2018
Quartus Prime Version 17.1.0 Build 590 10/25/2017 SJ Lite Edition


---------------------
; Table of Contents ;
---------------------
  1. Legal Notice
  2. Analysis & Synthesis Summary
  3. Analysis & Synthesis Settings
  4. Parallel Compilation
  5. Analysis & Synthesis Source Files Read
  6. Analysis & Synthesis Resource Usage Summary
  7. Analysis & Synthesis Resource Utilization by Entity
  8. Registers Removed During Synthesis
  9. Removed Registers Triggering Further Register Optimizations
 10. General Register Statistics
 11. Inverted Register Statistics
 12. Multiplexer Restructuring Statistics (Restructuring Performed)
 13. Parameter Settings for User Entity Instance: Top-level Entity: |snake
 14. Parameter Settings for Inferred Entity Instance: lpm_divide:Mod0
 15. Port Connectivity Checks: "piezo:beep"
 16. Post-Synthesis Netlist Statistics for Top Partition
 17. Elapsed Time Per Partition
 18. Analysis & Synthesis Messages
 19. Analysis & Synthesis Suppressed Messages



----------------
; Legal Notice ;
----------------
Copyright (C) 2017  Intel Corporation. All rights reserved.
Your use of Intel Corporation's design tools, logic functions 
and other software and tools, and its AMPP partner logic 
functions, and any output files from any of the foregoing 
(including device programming or simulation files), and any 
associated documentation or information are expressly subject 
to the terms and conditions of the Intel Program License 
Subscription Agreement, the Intel Quartus Prime License Agreement,
the Intel FPGA IP License Agreement, or other applicable license
agreement, including, without limitation, that your use is for
the sole purpose of programming logic devices manufactured by
Intel and sold by Intel or its authorized distributors.  Please
refer to the applicable agreement for further details.



+----------------------------------------------------------------------------------+
; Analysis & Synthesis Summary                                                     ;
+------------------------------------+---------------------------------------------+
; Analysis & Synthesis Status        ; Successful - Fri Apr 27 00:33:17 2018       ;
; Quartus Prime Version              ; 17.1.0 Build 590 10/25/2017 SJ Lite Edition ;
; Revision Name                      ; snake                                       ;
; Top-level Entity Name              ; snake                                       ;
; Family                             ; MAX 10                                      ;
; Total logic elements               ; 7,405                                       ;
;     Total combinational functions  ; 6,832                                       ;
;     Dedicated logic registers      ; 860                                         ;
; Total registers                    ; 860                                         ;
; Total pins                         ; 54                                          ;
; Total virtual pins                 ; 0                                           ;
; Total memory bits                  ; 0                                           ;
; Embedded Multiplier 9-bit elements ; 0                                           ;
; Total PLLs                         ; 0                                           ;
; UFM blocks                         ; 0                                           ;
; ADC blocks                         ; 0                                           ;
+------------------------------------+---------------------------------------------+


+----------------------------------------------------------------------------------------------------------------------+
; Analysis & Synthesis Settings                                                                                        ;
+----------------------------------------------------------------------------+--------------------+--------------------+
; Option                                                                     ; Setting            ; Default Value      ;
+----------------------------------------------------------------------------+--------------------+--------------------+
; Device                                                                     ; 10M50DAF484C7G     ;                    ;
; Top-level entity name                                                      ; snake              ; snake              ;
; Family name                                                                ; MAX 10             ; Cyclone V          ;
; Use smart compilation                                                      ; Off                ; Off                ;
; Enable parallel Assembler and TimeQuest Timing Analyzer during compilation ; On                 ; On                 ;
; Enable compact report table                                                ; Off                ; Off                ;
; Restructure Multiplexers                                                   ; Auto               ; Auto               ;
; Create Debugging Nodes for IP Cores                                        ; Off                ; Off                ;
; Preserve fewer node names                                                  ; On                 ; On                 ;
; Intel FPGA IP Evaluation Mode                                              ; Enable             ; Enable             ;
; Verilog Version                                                            ; Verilog_2001       ; Verilog_2001       ;
; VHDL Version                                                               ; VHDL_1993          ; VHDL_1993          ;
; State Machine Processing                                                   ; Auto               ; Auto               ;
; Safe State Machine                                                         ; Off                ; Off                ;
; Extract Verilog State Machines                                             ; On                 ; On                 ;
; Extract VHDL State Machines                                                ; On                 ; On                 ;
; Ignore Verilog initial constructs                                          ; Off                ; Off                ;
; Iteration limit for constant Verilog loops                                 ; 5000               ; 5000               ;
; Iteration limit for non-constant Verilog loops                             ; 250                ; 250                ;
; Add Pass-Through Logic to Inferred RAMs                                    ; On                 ; On                 ;
; Infer RAMs from Raw Logic                                                  ; On                 ; On                 ;
; Parallel Synthesis                                                         ; On                 ; On                 ;
; DSP Block Balancing                                                        ; Auto               ; Auto               ;
; NOT Gate Push-Back                                                         ; On                 ; On                 ;
; Power-Up Don't Care                                                        ; On                 ; On                 ;
; Remove Redundant Logic Cells                                               ; Off                ; Off                ;
; Remove Duplicate Registers                                                 ; On                 ; On                 ;
; Ignore CARRY Buffers                                                       ; Off                ; Off                ;
; Ignore CASCADE Buffers                                                     ; Off                ; Off                ;
; Ignore GLOBAL Buffers                                                      ; Off                ; Off                ;
; Ignore ROW GLOBAL Buffers                                                  ; Off                ; Off                ;
; Ignore LCELL Buffers                                                       ; Off                ; Off                ;
; Ignore SOFT Buffers                                                        ; On                 ; On                 ;
; Limit AHDL Integers to 32 Bits                                             ; Off                ; Off                ;
; Optimization Technique                                                     ; Balanced           ; Balanced           ;
; Carry Chain Length                                                         ; 70                 ; 70                 ;
; Auto Carry Chains                                                          ; On                 ; On                 ;
; Auto Open-Drain Pins                                                       ; On                 ; On                 ;
; Perform WYSIWYG Primitive Resynthesis                                      ; Off                ; Off                ;
; Auto ROM Replacement                                                       ; On                 ; On                 ;
; Auto RAM Replacement                                                       ; On                 ; On                 ;
; Auto DSP Block Replacement                                                 ; On                 ; On                 ;
; Auto Shift Register Replacement                                            ; Auto               ; Auto               ;
; Allow Shift Register Merging across Hierarchies                            ; Auto               ; Auto               ;
; Auto Clock Enable Replacement                                              ; On                 ; On                 ;
; Strict RAM Replacement                                                     ; Off                ; Off                ;
; Allow Synchronous Control Signals                                          ; On                 ; On                 ;
; Force Use of Synchronous Clear Signals                                     ; Off                ; Off                ;
; Auto RAM Block Balancing                                                   ; On                 ; On                 ;
; Auto RAM to Logic Cell Conversion                                          ; Off                ; Off                ;
; Auto Resource Sharing                                                      ; Off                ; Off                ;
; Allow Any RAM Size For Recognition                                         ; Off                ; Off                ;
; Allow Any ROM Size For Recognition                                         ; Off                ; Off                ;
; Allow Any Shift Register Size For Recognition                              ; Off                ; Off                ;
; Use LogicLock Constraints during Resource Balancing                        ; On                 ; On                 ;
; Ignore translate_off and synthesis_off directives                          ; Off                ; Off                ;
; Timing-Driven Synthesis                                                    ; On                 ; On                 ;
; Report Parameter Settings                                                  ; On                 ; On                 ;
; Report Source Assignments                                                  ; On                 ; On                 ;
; Report Connectivity Checks                                                 ; On                 ; On                 ;
; Ignore Maximum Fan-Out Assignments                                         ; Off                ; Off                ;
; Synchronization Register Chain Length                                      ; 2                  ; 2                  ;
; Power Optimization During Synthesis                                        ; Normal compilation ; Normal compilation ;
; HDL message level                                                          ; Level2             ; Level2             ;
; Suppress Register Optimization Related Messages                            ; Off                ; Off                ;
; Number of Removed Registers Reported in Synthesis Report                   ; 5000               ; 5000               ;
; Number of Swept Nodes Reported in Synthesis Report                         ; 5000               ; 5000               ;
; Number of Inverted Registers Reported in Synthesis Report                  ; 100                ; 100                ;
; Clock MUX Protection                                                       ; On                 ; On                 ;
; Auto Gated Clock Conversion                                                ; Off                ; Off                ;
; Block Design Naming                                                        ; Auto               ; Auto               ;
; SDC constraint protection                                                  ; Off                ; Off                ;
; Synthesis Effort                                                           ; Auto               ; Auto               ;
; Shift Register Replacement - Allow Asynchronous Clear Signal               ; On                 ; On                 ;
; Pre-Mapping Resynthesis Optimization                                       ; Off                ; Off                ;
; Analysis & Synthesis Message Level                                         ; Medium             ; Medium             ;
; Disable Register Merging Across Hierarchies                                ; Auto               ; Auto               ;
; Resource Aware Inference For Block RAM                                     ; On                 ; On                 ;
+----------------------------------------------------------------------------+--------------------+--------------------+


+------------------------------------------+
; Parallel Compilation                     ;
+----------------------------+-------------+
; Processors                 ; Number      ;
+----------------------------+-------------+
; Number detected on machine ; 2           ;
; Maximum allowed            ; 2           ;
;                            ;             ;
; Average used               ; 1.00        ;
; Maximum used               ; 2           ;
;                            ;             ;
; Usage by Processor         ; % Time Used ;
;     Processor 1            ; 100.0%      ;
;     Processor 2            ;   0.2%      ;
+----------------------------+-------------+


+----------------------------------------------------------------------------------------------------------------------------------------------------------------------------------+
; Analysis & Synthesis Source Files Read                                                                                                                                           ;
+----------------------------------+-----------------+------------------------------+------------------------------------------------------------------------------------+---------+
; File Name with User-Entered Path ; Used in Netlist ; File Type                    ; File Name with Absolute Path                                                       ; Library ;
+----------------------------------+-----------------+------------------------------+------------------------------------------------------------------------------------+---------+
; snake.v                          ; yes             ; User Verilog HDL File        ; /home/user/CA_Projects/test/CA_Snake/snake.v                                       ;         ;
; piezo.v                          ; yes             ; User Verilog HDL File        ; /home/user/CA_Projects/test/CA_Snake/piezo.v                                       ;         ;
; lpm_divide.tdf                   ; yes             ; Megafunction                 ; /home/user/intelFPGA_lite/17.1/quartus/libraries/megafunctions/lpm_divide.tdf      ;         ;
; abs_divider.inc                  ; yes             ; Megafunction                 ; /home/user/intelFPGA_lite/17.1/quartus/libraries/megafunctions/abs_divider.inc     ;         ;
; sign_div_unsign.inc              ; yes             ; Megafunction                 ; /home/user/intelFPGA_lite/17.1/quartus/libraries/megafunctions/sign_div_unsign.inc ;         ;
; aglobal171.inc                   ; yes             ; Megafunction                 ; /home/user/intelFPGA_lite/17.1/quartus/libraries/megafunctions/aglobal171.inc      ;         ;
; db/lpm_divide_g3o.tdf            ; yes             ; Auto-Generated Megafunction  ; /home/user/CA_Projects/test/CA_Snake/db/lpm_divide_g3o.tdf                         ;         ;
; db/abs_divider_ibg.tdf           ; yes             ; Auto-Generated Megafunction  ; /home/user/CA_Projects/test/CA_Snake/db/abs_divider_ibg.tdf                        ;         ;
; db/alt_u_div_ohe.tdf             ; yes             ; Auto-Generated Megafunction  ; /home/user/CA_Projects/test/CA_Snake/db/alt_u_div_ohe.tdf                          ;         ;
; db/add_sub_t3c.tdf               ; yes             ; Auto-Generated Megafunction  ; /home/user/CA_Projects/test/CA_Snake/db/add_sub_t3c.tdf                            ;         ;
; db/add_sub_u3c.tdf               ; yes             ; Auto-Generated Megafunction  ; /home/user/CA_Projects/test/CA_Snake/db/add_sub_u3c.tdf                            ;         ;
; db/lpm_abs_m99.tdf               ; yes             ; Auto-Generated Megafunction  ; /home/user/CA_Projects/test/CA_Snake/db/lpm_abs_m99.tdf                            ;         ;
; db/lpm_abs_8b9.tdf               ; yes             ; Auto-Generated Megafunction  ; /home/user/CA_Projects/test/CA_Snake/db/lpm_abs_8b9.tdf                            ;         ;
+----------------------------------+-----------------+------------------------------+------------------------------------------------------------------------------------+---------+


+---------------------------------------------------------+
; Analysis & Synthesis Resource Usage Summary             ;
+---------------------------------------------+-----------+
; Resource                                    ; Usage     ;
+---------------------------------------------+-----------+
; Estimated Total logic elements              ; 7,405     ;
;                                             ;           ;
; Total combinational functions               ; 6832      ;
; Logic element usage by number of LUT inputs ;           ;
;     -- 4 input functions                    ; 5271      ;
;     -- 3 input functions                    ; 713       ;
;     -- <=2 input functions                  ; 848       ;
;                                             ;           ;
; Logic elements by mode                      ;           ;
;     -- normal mode                          ; 6115      ;
;     -- arithmetic mode                      ; 717       ;
;                                             ;           ;
; Total registers                             ; 860       ;
;     -- Dedicated logic registers            ; 860       ;
;     -- I/O registers                        ; 0         ;
;                                             ;           ;
; I/O pins                                    ; 54        ;
;                                             ;           ;
; Embedded Multiplier 9-bit elements          ; 0         ;
;                                             ;           ;
; Maximum fan-out node                        ; drawFrame ;
; Maximum fan-out                             ; 777       ;
; Total fan-out                               ; 27490     ;
; Average fan-out                             ; 3.52      ;
+---------------------------------------------+-----------+


+-----------------------------------------------------------------------------------------------------------------------------------------------------------------------------------------------------------------------------------------------------------------------------------------------------------------------------------+
; Analysis & Synthesis Resource Utilization by Entity                                                                                                                                                                                                                                                                               ;
+---------------------------------------+---------------------+---------------------------+-------------+------------+--------------+---------+-----------+------+--------------+------------+-----------------------------------------------------------------------------------------------------+-----------------+--------------+
; Compilation Hierarchy Node            ; Combinational ALUTs ; Dedicated Logic Registers ; Memory Bits ; UFM Blocks ; DSP Elements ; DSP 9x9 ; DSP 18x18 ; Pins ; Virtual Pins ; ADC blocks ; Full Hierarchy Name                                                                                 ; Entity Name     ; Library Name ;
+---------------------------------------+---------------------+---------------------------+-------------+------------+--------------+---------+-----------+------+--------------+------------+-----------------------------------------------------------------------------------------------------+-----------------+--------------+
; |snake                                ; 6832 (6324)         ; 860 (802)                 ; 0           ; 0          ; 0            ; 0       ; 0         ; 54   ; 0            ; 0          ; |snake                                                                                              ; snake           ; work         ;
;    |lpm_divide:Mod0|                  ; 392 (0)             ; 0 (0)                     ; 0           ; 0          ; 0            ; 0       ; 0         ; 0    ; 0            ; 0          ; |snake|lpm_divide:Mod0                                                                              ; lpm_divide      ; work         ;
;       |lpm_divide_g3o:auto_generated| ; 392 (0)             ; 0 (0)                     ; 0           ; 0          ; 0            ; 0       ; 0         ; 0    ; 0            ; 0          ; |snake|lpm_divide:Mod0|lpm_divide_g3o:auto_generated                                                ; lpm_divide_g3o  ; work         ;
;          |abs_divider_ibg:divider|    ; 392 (6)             ; 0 (0)                     ; 0           ; 0          ; 0            ; 0       ; 0         ; 0    ; 0            ; 0          ; |snake|lpm_divide:Mod0|lpm_divide_g3o:auto_generated|abs_divider_ibg:divider                        ; abs_divider_ibg ; work         ;
;             |alt_u_div_ohe:divider|   ; 333 (333)           ; 0 (0)                     ; 0           ; 0          ; 0            ; 0       ; 0         ; 0    ; 0            ; 0          ; |snake|lpm_divide:Mod0|lpm_divide_g3o:auto_generated|abs_divider_ibg:divider|alt_u_div_ohe:divider  ; alt_u_div_ohe   ; work         ;
;             |lpm_abs_8b9:my_abs_num|  ; 53 (53)             ; 0 (0)                     ; 0           ; 0          ; 0            ; 0       ; 0         ; 0    ; 0            ; 0          ; |snake|lpm_divide:Mod0|lpm_divide_g3o:auto_generated|abs_divider_ibg:divider|lpm_abs_8b9:my_abs_num ; lpm_abs_8b9     ; work         ;
;    |piezo:beep|                       ; 116 (116)           ; 58 (58)                   ; 0           ; 0          ; 0            ; 0       ; 0         ; 0    ; 0            ; 0          ; |snake|piezo:beep                                                                                   ; piezo           ; work         ;
+---------------------------------------+---------------------+---------------------------+-------------+------------+--------------+---------+-----------+------+--------------+------------+-----------------------------------------------------------------------------------------------------+-----------------+--------------+
Note: For table entries with two numbers listed, the numbers in parentheses indicate the number of resources of the given type used by the specific entity alone. The numbers listed outside of parentheses indicate the total resources of the given type used by the specific entity and all of its sub-entities in the hierarchy.


+---------------------------------------------------------------------------------+
; Registers Removed During Synthesis                                              ;
+----------------------------------------+----------------------------------------+
; Register name                          ; Reason for Removal                     ;
+----------------------------------------+----------------------------------------+
; currentApple[0]                        ; Stuck at GND due to stuck port data_in ;
; soundCode[1]                           ; Stuck at GND due to stuck port data_in ;
; applePicked                            ; Stuck at GND due to stuck port data_in ;
; appleDot[3..5]                         ; Merged with appleDot[1]                ;
; currentApple[2]                        ; Stuck at GND due to stuck port data_in ;
; piezo:beep|clkdivider[6..8]            ; Stuck at GND due to stuck port data_in ;
; appleDot[1]                            ; Stuck at VCC due to stuck port data_in ;
; Total Number of Removed Registers = 11 ;                                        ;
+----------------------------------------+----------------------------------------+


+----------------------------------------------------------------------------------------------------------------------------+
; Removed Registers Triggering Further Register Optimizations                                                                ;
+-----------------+---------------------------+------------------------------------------------------------------------------+
; Register name   ; Reason for Removal        ; Registers Removed due to This Register                                       ;
+-----------------+---------------------------+------------------------------------------------------------------------------+
; soundCode[1]    ; Stuck at GND              ; piezo:beep|clkdivider[8], piezo:beep|clkdivider[7], piezo:beep|clkdivider[6] ;
;                 ; due to stuck port data_in ;                                                                              ;
; currentApple[0] ; Stuck at GND              ; appleDot[1]                                                                  ;
;                 ; due to stuck port data_in ;                                                                              ;
; applePicked     ; Stuck at GND              ; currentApple[2]                                                              ;
;                 ; due to stuck port data_in ;                                                                              ;
+-----------------+---------------------------+------------------------------------------------------------------------------+


+------------------------------------------------------+
; General Register Statistics                          ;
+----------------------------------------------+-------+
; Statistic                                    ; Value ;
+----------------------------------------------+-------+
; Total registers                              ; 860   ;
; Number of registers using Synchronous Clear  ; 33    ;
; Number of registers using Synchronous Load   ; 4     ;
; Number of registers using Asynchronous Clear ; 0     ;
; Number of registers using Asynchronous Load  ; 0     ;
; Number of registers using Clock Enable       ; 793   ;
; Number of registers using Preset             ; 0     ;
+----------------------------------------------+-------+


+--------------------------------------------------+
; Inverted Register Statistics                     ;
+----------------------------------------+---------+
; Inverted Register                      ; Fan out ;
+----------------------------------------+---------+
; headPointer[0]                         ; 205     ;
; appleDot[0]                            ; 1       ;
; appleDot[2]                            ; 1       ;
; lastDirection[0]                       ; 20      ;
; soundCode[0]                           ; 15      ;
; Total number of inverted registers = 5 ;         ;
+----------------------------------------+---------+


+------------------------------------------------------------------------------------------------------------------------------------------+
; Multiplexer Restructuring Statistics (Restructuring Performed)                                                                           ;
+--------------------+-----------+---------------+----------------------+------------------------+------------+----------------------------+
; Multiplexer Inputs ; Bus Width ; Baseline Area ; Area if Restructured ; Saving if Restructured ; Registered ; Example Multiplexer Output ;
+--------------------+-----------+---------------+----------------------+------------------------+------------+----------------------------+
; 3:1                ; 32 bits   ; 64 LEs        ; 32 LEs               ; 32 LEs                 ; Yes        ; |snake|headPointer[10]     ;
; 3:1                ; 64 bits   ; 128 LEs       ; 64 LEs               ; 64 LEs                 ; Yes        ; |snake|snakePos[0][1][26]  ;
; 3:1                ; 64 bits   ; 128 LEs       ; 64 LEs               ; 64 LEs                 ; Yes        ; |snake|snakePos[1][0][7]   ;
; 3:1                ; 64 bits   ; 128 LEs       ; 64 LEs               ; 64 LEs                 ; Yes        ; |snake|snakePos[2][0][14]  ;
; 4:1                ; 32 bits   ; 64 LEs        ; 64 LEs               ; 0 LEs                  ; Yes        ; |snake|tailPointer[15]     ;
; 3:1                ; 2 bits    ; 4 LEs         ; 2 LEs                ; 2 LEs                  ; Yes        ; |snake|headPointer[0]      ;
; 3:1                ; 2 bits    ; 4 LEs         ; 2 LEs                ; 2 LEs                  ; Yes        ; |snake|appleDot[2]         ;
; 4:1                ; 5 bits    ; 10 LEs        ; 5 LEs                ; 5 LEs                  ; No         ; |snake|Mux159              ;
; 3:1                ; 32 bits   ; 64 LEs        ; 64 LEs               ; 0 LEs                  ; No         ; |snake|prevX               ;
; 3:1                ; 32 bits   ; 64 LEs        ; 64 LEs               ; 0 LEs                  ; No         ; |snake|prevX               ;
; 11:1               ; 64 bits   ; 448 LEs       ; 448 LEs              ; 0 LEs                  ; No         ; |snake|Mux21               ;
; 7:1                ; 5 bits    ; 20 LEs        ; 20 LEs               ; 0 LEs                  ; No         ; |snake|prevX               ;
; 8:1                ; 2 bits    ; 10 LEs        ; 8 LEs                ; 2 LEs                  ; No         ; |snake|prevY               ;
; 8:1                ; 29 bits   ; 145 LEs       ; 87 LEs               ; 58 LEs                 ; No         ; |snake|prevY               ;
; 10:1               ; 27 bits   ; 162 LEs       ; 108 LEs              ; 54 LEs                 ; No         ; |snake|prevX               ;
+--------------------+-----------+---------------+----------------------+------------------------+------------+----------------------------+


+-----------------------------------------------------------------------+
; Parameter Settings for User Entity Instance: Top-level Entity: |snake ;
+----------------+-------+----------------------------------------------+
; Parameter Name ; Value ; Type                                         ;
+----------------+-------+----------------------------------------------+
; N              ; 25    ; Signed Integer                               ;
+----------------+-------+----------------------------------------------+
Note: In order to hide this table in the UI and the text report file, please set the "Show Parameter Settings in Synthesis Report" option in "Analysis and Synthesis Settings -> More Settings" to "Off".


+------------------------------------------------------------------+
; Parameter Settings for Inferred Entity Instance: lpm_divide:Mod0 ;
+------------------------+----------------+------------------------+
; Parameter Name         ; Value          ; Type                   ;
+------------------------+----------------+------------------------+
; LPM_WIDTHN             ; 32             ; Untyped                ;
; LPM_WIDTHD             ; 3              ; Untyped                ;
; LPM_NREPRESENTATION    ; SIGNED         ; Untyped                ;
; LPM_DREPRESENTATION    ; SIGNED         ; Untyped                ;
; LPM_PIPELINE           ; 0              ; Untyped                ;
; LPM_REMAINDERPOSITIVE  ; FALSE          ; Untyped                ;
; MAXIMIZE_SPEED         ; 5              ; Untyped                ;
; CBXI_PARAMETER         ; lpm_divide_g3o ; Untyped                ;
; CARRY_CHAIN            ; MANUAL         ; Untyped                ;
; OPTIMIZE_FOR_SPEED     ; 5              ; Untyped                ;
; AUTO_CARRY_CHAINS      ; ON             ; AUTO_CARRY             ;
; IGNORE_CARRY_BUFFERS   ; OFF            ; IGNORE_CARRY           ;
; AUTO_CASCADE_CHAINS    ; ON             ; AUTO_CASCADE           ;
; IGNORE_CASCADE_BUFFERS ; OFF            ; IGNORE_CASCADE         ;
+------------------------+----------------+------------------------+
Note: In order to hide this table in the UI and the text report file, please set the "Show Parameter Settings in Synthesis Report" option in "Analysis and Synthesis Settings -> More Settings" to "Off".


+---------------------------------------------------------------------------------------------------------------------------------------+
; Port Connectivity Checks: "piezo:beep"                                                                                                ;
+--------+--------+----------+----------------------------------------------------------------------------------------------------------+
; Port   ; Type   ; Severity ; Details                                                                                                  ;
+--------+--------+----------+----------------------------------------------------------------------------------------------------------+
; lightl ; Output ; Warning  ; Declared by entity but not connected by instance. Logic that only feeds a dangling port will be removed. ;
+--------+--------+----------+----------------------------------------------------------------------------------------------------------+


+-----------------------------------------------------+
; Post-Synthesis Netlist Statistics for Top Partition ;
+-----------------------+-----------------------------+
; Type                  ; Count                       ;
+-----------------------+-----------------------------+
; boundary_port         ; 54                          ;
; cycloneiii_ff         ; 860                         ;
;     ENA               ; 761                         ;
;     ENA SCLR          ; 32                          ;
;     SCLR SLD          ; 1                           ;
;     SLD               ; 3                           ;
;     plain             ; 63                          ;
; cycloneiii_lcell_comb ; 6835                        ;
;     arith             ; 717                         ;
;         2 data inputs ; 525                         ;
;         3 data inputs ; 192                         ;
;     normal            ; 6118                        ;
;         0 data inputs ; 31                          ;
;         1 data inputs ; 22                          ;
;         2 data inputs ; 273                         ;
;         3 data inputs ; 521                         ;
;         4 data inputs ; 5271                        ;
;                       ;                             ;
; Max LUT depth         ; 107.20                      ;
; Average LUT depth     ; 35.39                       ;
+-----------------------+-----------------------------+


+-------------------------------+
; Elapsed Time Per Partition    ;
+----------------+--------------+
; Partition Name ; Elapsed Time ;
+----------------+--------------+
; Top            ; 00:00:20     ;
+----------------+--------------+


+-------------------------------+
; Analysis & Synthesis Messages ;
+-------------------------------+
Info: *******************************************************************
Info: Running Quartus Prime Analysis & Synthesis
    Info: Version 17.1.0 Build 590 10/25/2017 SJ Lite Edition
    Info: Processing started: Fri Apr 27 00:32:43 2018
Info: Command: quartus_map --read_settings_files=on --write_settings_files=off snake -c snake
Warning (18236): Number of processors has not been specified which may cause overloading on shared machines.  Set the global assignment NUM_PARALLEL_PROCESSORS in your QSF to an appropriate value for best performance.
Info (20030): Parallel compilation is enabled and will use 2 of the 2 processors detected
Info (12021): Found 1 design units, including 1 entities, in source file snake.v
    Info (12023): Found entity 1: snake File: /home/user/CA_Projects/test/CA_Snake/snake.v Line: 1
Info (12021): Found 1 design units, including 1 entities, in source file piezo.v
    Info (12023): Found entity 1: piezo File: /home/user/CA_Projects/test/CA_Snake/piezo.v Line: 8
Info (12127): Elaborating entity "snake" for the top level hierarchy
Warning (10036): Verilog HDL or VHDL warning at snake.v(29): object "randomHelper" assigned a value but never read File: /home/user/CA_Projects/test/CA_Snake/snake.v Line: 29
Warning (10036): Verilog HDL or VHDL warning at snake.v(40): object "reset" assigned a value but never read File: /home/user/CA_Projects/test/CA_Snake/snake.v Line: 40
Warning (10235): Verilog HDL Always Construct warning at snake.v(85): variable "gameOver" is read inside the Always Construct but isn't in the Always Construct's Event Control File: /home/user/CA_Projects/test/CA_Snake/snake.v Line: 85
Warning (10235): Verilog HDL Always Construct warning at snake.v(94): variable "headPointer" is read inside the Always Construct but isn't in the Always Construct's Event Control File: /home/user/CA_Projects/test/CA_Snake/snake.v Line: 94
Warning (10235): Verilog HDL Always Construct warning at snake.v(94): variable "tailPointer" is read inside the Always Construct but isn't in the Always Construct's Event Control File: /home/user/CA_Projects/test/CA_Snake/snake.v Line: 94
Warning (10235): Verilog HDL Always Construct warning at snake.v(96): variable "headPointer" is read inside the Always Construct but isn't in the Always Construct's Event Control File: /home/user/CA_Projects/test/CA_Snake/snake.v Line: 96
Warning (10235): Verilog HDL Always Construct warning at snake.v(96): variable "tailPointer" is read inside the Always Construct but isn't in the Always Construct's Event Control File: /home/user/CA_Projects/test/CA_Snake/snake.v Line: 96
Warning (10235): Verilog HDL Always Construct warning at snake.v(100): variable "tailPointer" is read inside the Always Construct but isn't in the Always Construct's Event Control File: /home/user/CA_Projects/test/CA_Snake/snake.v Line: 100
Warning (10235): Verilog HDL Always Construct warning at snake.v(104): variable "headPointer" is read inside the Always Construct but isn't in the Always Construct's Event Control File: /home/user/CA_Projects/test/CA_Snake/snake.v Line: 104
Warning (10230): Verilog HDL assignment warning at snake.v(248): truncated value with size 32 to match size of target (3) File: /home/user/CA_Projects/test/CA_Snake/snake.v Line: 248
Info (10008): Verilog HDL or VHDL information: EDA Netlist Writer cannot regroup multidimensional array "snakePos" into its bus
Info (12128): Elaborating entity "piezo" for hierarchy "piezo:beep" File: /home/user/CA_Projects/test/CA_Snake/snake.v Line: 59
Warning (10230): Verilog HDL assignment warning at piezo.v(154): truncated value with size 32 to match size of target (22) File: /home/user/CA_Projects/test/CA_Snake/piezo.v Line: 154
Warning (10230): Verilog HDL assignment warning at piezo.v(158): truncated value with size 32 to match size of target (7) File: /home/user/CA_Projects/test/CA_Snake/piezo.v Line: 158
Warning (10034): Output port "lightl" at piezo.v(8) has no driver File: /home/user/CA_Projects/test/CA_Snake/piezo.v Line: 8
Info (276014): Found 1 instances of uninferred RAM logic
    Info (276013): RAM logic "piezo:beep|Ram0" is uninferred because MIF is not supported for the selected family File: /home/user/CA_Projects/test/CA_Snake/piezo.v Line: 20
Info (278001): Inferred 1 megafunctions from design logic
    Info (278004): Inferred divider/modulo megafunction ("lpm_divide") from the following logic: "Mod0" File: /home/user/CA_Projects/test/CA_Snake/snake.v Line: 191
Info (12130): Elaborated megafunction instantiation "lpm_divide:Mod0" File: /home/user/CA_Projects/test/CA_Snake/snake.v Line: 191
Info (12133): Instantiated megafunction "lpm_divide:Mod0" with the following parameter: File: /home/user/CA_Projects/test/CA_Snake/snake.v Line: 191
    Info (12134): Parameter "LPM_WIDTHN" = "32"
    Info (12134): Parameter "LPM_WIDTHD" = "3"
    Info (12134): Parameter "LPM_NREPRESENTATION" = "SIGNED"
    Info (12134): Parameter "LPM_DREPRESENTATION" = "SIGNED"
    Info (12134): Parameter "LPM_HINT" = "LPM_REMAINDERPOSITIVE=FALSE"
Info (12021): Found 1 design units, including 1 entities, in source file db/lpm_divide_g3o.tdf
    Info (12023): Found entity 1: lpm_divide_g3o File: /home/user/CA_Projects/test/CA_Snake/db/lpm_divide_g3o.tdf Line: 24
Info (12021): Found 1 design units, including 1 entities, in source file db/abs_divider_ibg.tdf
    Info (12023): Found entity 1: abs_divider_ibg File: /home/user/CA_Projects/test/CA_Snake/db/abs_divider_ibg.tdf Line: 28
Info (12021): Found 1 design units, including 1 entities, in source file db/alt_u_div_ohe.tdf
    Info (12023): Found entity 1: alt_u_div_ohe File: /home/user/CA_Projects/test/CA_Snake/db/alt_u_div_ohe.tdf Line: 26
Info (12021): Found 1 design units, including 1 entities, in source file db/add_sub_t3c.tdf
    Info (12023): Found entity 1: add_sub_t3c File: /home/user/CA_Projects/test/CA_Snake/db/add_sub_t3c.tdf Line: 22
Info (12021): Found 1 design units, including 1 entities, in source file db/add_sub_u3c.tdf
    Info (12023): Found entity 1: add_sub_u3c File: /home/user/CA_Projects/test/CA_Snake/db/add_sub_u3c.tdf Line: 22
Info (12021): Found 1 design units, including 1 entities, in source file db/lpm_abs_m99.tdf
    Info (12023): Found entity 1: lpm_abs_m99 File: /home/user/CA_Projects/test/CA_Snake/db/lpm_abs_m99.tdf Line: 22
Info (12021): Found 1 design units, including 1 entities, in source file db/lpm_abs_8b9.tdf
    Info (12023): Found entity 1: lpm_abs_8b9 File: /home/user/CA_Projects/test/CA_Snake/db/lpm_abs_8b9.tdf Line: 24
Warning (12241): 1 hierarchies have connectivity warnings - see the Connectivity Checks report folder
Info (13014): Ignored 31 buffer(s)
    Info (13016): Ignored 31 CARRY_SUM buffer(s)
Warning (13024): Output pins are stuck at VCC or GND
    Warning (13410): Pin "seg2DP" is stuck at VCC File: /home/user/CA_Projects/test/CA_Snake/snake.v Line: 2
    Warning (13410): Pin "seg4DP" is stuck at VCC File: /home/user/CA_Projects/test/CA_Snake/snake.v Line: 4
    Warning (13410): Pin "seg5DP" is stuck at VCC File: /home/user/CA_Projects/test/CA_Snake/snake.v Line: 5
    Warning (13410): Pin "seg6DP" is stuck at VCC File: /home/user/CA_Projects/test/CA_Snake/snake.v Line: 6
Info (286030): Timing-Driven Synthesis is running
Info (144001): Generated suppressed messages file /home/user/CA_Projects/test/CA_Snake/output_files/snake.map.smsg
Info (16010): Generating hard_block partition "hard_block:auto_generated_inst"
    Info (16011): Adding 0 node(s), including 0 DDIO, 0 PLL, 0 transceiver and 0 LCELL
Info (21057): Implemented 7610 device resources after synthesis - the final resource count might be different
    Info (21058): Implemented 5 input pins
    Info (21059): Implemented 49 output pins
    Info (21061): Implemented 7556 logic cells
Info: Quartus Prime Analysis & Synthesis was successful. 0 errors, 20 warnings
    Info: Peak virtual memory: 1012 megabytes
    Info: Processing ended: Fri Apr 27 00:33:17 2018
    Info: Elapsed time: 00:00:34
    Info: Total CPU time (on all processors): 00:00:38


+------------------------------------------+
; Analysis & Synthesis Suppressed Messages ;
+------------------------------------------+
The suppressed messages can be found in /home/user/CA_Projects/test/CA_Snake/output_files/snake.map.smsg.


